{"logTime": "0511/130936", "correlationVector":"TTeKV+sGRuyTRow2c2+mYh.0","action":"FeedSettingFetch_homeCloud", "result":"0", "context":{}}
{"logTime": "0511/130939", "correlationVector":"5+PG8NnjKVKAW2rbvC2JiH.1","action":"SyncServerConnectionManagerRequest", "result":"SYNC_SERVER_OK", "context":{"environment":"Prod_NorthEurope_000h", "migrationStage":"NotStarted", "server":"general01000007"}}
{"logTime": "0511/130939", "correlationVector":"5+PG8NnjKVKAW2rbvC2JiH","action":"Initial GetUpdates", "result":"", "context":Reason: NEW_CLIENT. cV=5+PG8NnjKVKAW2rbvC2JiH}
{"logTime": "0511/130939", "correlationVector":"5+PG8NnjKVKAW2rbvC2JiH.2","action":"GetUpdates Response", "result":"SYNCER_OK", "context":Received 1 update(s). cV=5+PG8NnjKVKAW2rbvC2JiH.0;server=general01000007;cloudType=Consumer;environment=Prod_NorthEurope_000h;migrationStage=NotStarted}
{"logTime": "0511/131003", "correlationVector":"0pVciHpfcTsbF5vRgqaDV7","action":"SyncServerConnectionManagerRequest", "result":"SYNC_SERVER_OK", "context":{"environment":"", "migrationStage":"", "server":""}}
{"logTime": "0511/131003", "correlationVector":"Bqqp/vulbeuUeT1oCuMzRT","action":"Initial GetUpdates", "result":"", "context":Reason: NEW_CLIENT. cV=Bqqp/vulbeuUeT1oCuMzRT}
{"logTime": "0511/131012", "correlationVector":"Bqqp/vulbeuUeT1oCuMzRT.1","action":"SyncServerConnectionManagerRequest", "result":"SYNC_SERVER_OK", "context":{"environment":"Prod_NorthEurope_000h", "migrationStage":"NotStarted", "server":"GENERAL0100002N"}}
{"logTime": "0511/131012", "correlationVector":"Bqqp/vulbeuUeT1oCuMzRT.2","action":"GetUpdates Response", "result":"SYNCER_OK", "context":Received 72 update(s). cV=Bqqp/vulbeuUeT1oCuMzRT.0;server=GENERAL0100002N;cloudType=Consumer;environment=Prod_NorthEurope_000h;migrationStage=NotStarted}
{"logTime": "0511/131012", "correlationVector":"V9KDuBwSF+woTUGIOJhfDr","action":"Initial GetUpdates", "result":"", "context":Reason: NEWLY_SUPPORTED_DATATYPE. cV=V9KDuBwSF+woTUGIOJhfDr}
{"logTime": "0511/131026", "correlationVector":"V9KDuBwSF+woTUGIOJhfDr.1","action":"SyncServerConnectionManagerRequest", "result":"SYNC_SERVER_OK", "context":{"environment":"Prod_NorthEurope_000h", "migrationStage":"NotStarted", "server":"GENERAL0100002A"}}
{"logTime": "0511/131026", "correlationVector":"V9KDuBwSF+woTUGIOJhfDr.2","action":"GetUpdates", "result":"DeleteReceived", "context":{"id":"8223dfee-baa0-4fb6-805a-fa81df136c6c", "isDeleted:":"true", "version":"1677684069206"}}
{"logTime": "0511/131026", "correlationVector":"V9KDuBwSF+woTUGIOJhfDr.3","action":"GetUpdates", "result":"DeleteReceived", "context":{"id":"2bff8de2-8f70-43a3-8c2f-cd3550d4b4de", "isDeleted:":"true", "version":"1679505353884"}}
{"logTime": "0511/131026", "correlationVector":"V9KDuBwSF+woTUGIOJhfDr.4","action":"GetUpdates Response", "result":"SERVER_MORE_TO_DOWNLOAD", "context":Received 250 update(s).  Some updates remain.}
{"logTime": "0511/131026", "correlationVector":"BMB6hnWQQiXoifoPPeFHTF","action":"Initial GetUpdates", "result":"", "context":Reason: NEWLY_SUPPORTED_DATATYPE. cV=BMB6hnWQQiXoifoPPeFHTF}
{"logTime": "0511/131028", "correlationVector":"BMB6hnWQQiXoifoPPeFHTF.1","action":"SyncServerConnectionManagerRequest", "result":"SYNC_SERVER_OK", "context":{"environment":"Prod_WestEurope_x00e", "migrationStage":"NotStarted", "server":"GENERAL01000004"}}
{"logTime": "0511/131028", "correlationVector":"BMB6hnWQQiXoifoPPeFHTF.2","action":"GetUpdates", "result":"DeleteReceived", "context":{"id":"f40065ce-7773-429d-9817-eed28d2a832f", "isDeleted:":"true", "version":"1680613545362"}}
{"logTime": "0511/131028", "correlationVector":"BMB6hnWQQiXoifoPPeFHTF.3","action":"GetUpdates", "result":"DeleteReceived", "context":{"id":"ca5a4440-9799-4a26-980f-e874c77026e0", "isDeleted:":"true", "version":"1680613557659"}}
{"logTime": "0511/131028", "correlationVector":"BMB6hnWQQiXoifoPPeFHTF.4","action":"GetUpdates", "result":"DeleteReceived", "context":{"id":"b7d897e1-8894-44e5-b7da-697e6e8b35fe", "isDeleted:":"true", "version":"1680613560526"}}
{"logTime": "0511/131028", "correlationVector":"BMB6hnWQQiXoifoPPeFHTF.5","action":"GetUpdates", "result":"DeleteReceived", "context":{"id":"2199d18f-11aa-4255-8474-1ef23a81a16f", "isDeleted:":"true", "version":"1680613563324"}}
{"logTime": "0511/131028", "correlationVector":"BMB6hnWQQiXoifoPPeFHTF.6","action":"GetUpdates", "result":"DeleteReceived", "context":{"id":"65b7a47f-e3ca-4543-a409-7f57b897495e", "isDeleted:":"true", "version":"1680613566368"}}
{"logTime": "0511/131028", "correlationVector":"BMB6hnWQQiXoifoPPeFHTF.7","action":"GetUpdates", "result":"DeleteReceived", "context":{"id":"42676ca7-ee11-4333-a7d7-1c7a532af207", "isDeleted:":"true", "version":"1680613569164"}}
{"logTime": "0511/131028", "correlationVector":"BMB6hnWQQiXoifoPPeFHTF.8","action":"GetUpdates", "result":"DeleteReceived", "context":{"id":"6a8a68c5-6130-49fc-80b1-086f078566b2", "isDeleted:":"true", "version":"1680613572007"}}
{"logTime": "0511/131028", "correlationVector":"BMB6hnWQQiXoifoPPeFHTF.9","action":"GetUpdates", "result":"DeleteReceived", "context":{"id":"de2b4cc3-11d1-40a1-b73d-ae4e35f875e5", "isDeleted:":"true", "version":"1680613574661"}}
{"logTime": "0511/131028", "correlationVector":"BMB6hnWQQiXoifoPPeFHTF.10","action":"GetUpdates", "result":"DeleteReceived", "context":{"id":"2ff8872d-c24c-4949-8208-89e33d3fd4b7", "isDeleted:":"true", "version":"1680613577502"}}
{"logTime": "0511/131028", "correlationVector":"BMB6hnWQQiXoifoPPeFHTF.11","action":"GetUpdates", "result":"DeleteReceived", "context":{"id":"8c4127cf-8247-4d2c-aab6-37e947a29705", "isDeleted:":"true", "version":"1680613580056"}}
{"logTime": "0511/131028", "correlationVector":"BMB6hnWQQiXoifoPPeFHTF.12","action":"GetUpdates", "result":"DeleteReceived", "context":{"id":"df689214-1a9f-4a95-91a4-8265ffda478e", "isDeleted:":"true", "version":"1680613582643"}}
{"logTime": "0511/131028", "correlationVector":"BMB6hnWQQiXoifoPPeFHTF.13","action":"GetUpdates", "result":"DeleteReceived", "context":{"id":"903e2881-e579-4cad-ada1-61db68093c1e", "isDeleted:":"true", "version":"1680613585262"}}
{"logTime": "0511/131028", "correlationVector":"BMB6hnWQQiXoifoPPeFHTF.14","action":"GetUpdates Response", "result":"SYNCER_OK", "context":Received 29 update(s). cV=BMB6hnWQQiXoifoPPeFHTF.0;server=GENERAL01000004;cloudType=Consumer;environment=Prod_WestEurope_x00e;migrationStage=NotStarted}
{"logTime": "0511/131028", "correlationVector":"OboItlqM4GbqPKvyCExrPS","action":"Initial GetUpdates", "result":"", "context":Reason: NEWLY_SUPPORTED_DATATYPE. cV=OboItlqM4GbqPKvyCExrPS}
{"logTime": "0511/131032", "correlationVector":"OboItlqM4GbqPKvyCExrPS.1","action":"SyncServerConnectionManagerRequest", "result":"SYNC_SERVER_OK", "context":{"environment":"Prod_NorthEurope_x00f", "migrationStage":"NotStarted", "server":"GENERAL01000026"}}
{"logTime": "0511/131032", "correlationVector":"OboItlqM4GbqPKvyCExrPS.2","action":"GetUpdates", "result":"DeleteReceived", "context":{"id":"1b459ad9-f9ac-4e17-a274-e12eb72f724c", "isDeleted:":"true", "version":"1680274442982"}}
{"logTime": "0511/131032", "correlationVector":"OboItlqM4GbqPKvyCExrPS.3","action":"GetUpdates", "result":"DeleteReceived", "context":{"id":"30f12eca-470e-4662-af7b-d6b34fbea3b9", "isDeleted:":"true", "version":"1680274446453"}}
{"logTime": "0511/131032", "correlationVector":"OboItlqM4GbqPKvyCExrPS.4","action":"GetUpdates", "result":"DeleteReceived", "context":{"id":"ea56f460-6c1e-4397-b2ba-04f66bc4727b", "isDeleted:":"true", "version":"1681213333236"}}
{"logTime": "0511/131032", "correlationVector":"OboItlqM4GbqPKvyCExrPS.5","action":"GetUpdates", "result":"DeleteReceived", "context":{"id":"4590ae5f-8be0-40ce-b6d3-0a444e1963c5", "isDeleted:":"true", "version":"1676392819063"}}
{"logTime": "0511/131032", "correlationVector":"OboItlqM4GbqPKvyCExrPS.6","action":"GetUpdates", "result":"DeleteReceived", "context":{"id":"d0b91fbf-01a4-4796-9948-27bcafc8ad6b", "isDeleted:":"true", "version":"1678206738661"}}
{"logTime": "0511/131032", "correlationVector":"OboItlqM4GbqPKvyCExrPS.7","action":"GetUpdates", "result":"DeleteReceived", "context":{"id":"98bbe869-f9ce-4a20-b47d-28c8daed4729", "isDeleted:":"true", "version":"1678735356429"}}
{"logTime": "0511/131032", "correlationVector":"OboItlqM4GbqPKvyCExrPS.8","action":"GetUpdates Response", "result":"SERVER_MORE_TO_DOWNLOAD", "context":Received 249 update(s).  Some updates remain.}
{"logTime": "0511/131032", "correlationVector":"caXYa44fUYpWCAbhBs2501","action":"Initial GetUpdates", "result":"", "context":Reason: NEWLY_SUPPORTED_DATATYPE. cV=caXYa44fUYpWCAbhBs2501}
{"logTime": "0511/131034", "correlationVector":"caXYa44fUYpWCAbhBs2501.1","action":"SyncServerConnectionManagerRequest", "result":"SYNC_SERVER_OK", "context":{"environment":"Prod_WestEurope_x00e", "migrationStage":"NotStarted", "server":"GENERAL0100001U"}}
{"logTime": "0511/131034", "correlationVector":"caXYa44fUYpWCAbhBs2501.2","action":"GetUpdates Response", "result":"SERVER_MORE_TO_DOWNLOAD", "context":Received 250 update(s).  Some updates remain.}
{"logTime": "0511/131034", "correlationVector":"FViGbasGK4p3XxNCpeNTIU","action":"Initial GetUpdates", "result":"", "context":Reason: NEWLY_SUPPORTED_DATATYPE. cV=FViGbasGK4p3XxNCpeNTIU}
{"logTime": "0511/131045", "correlationVector":"FViGbasGK4p3XxNCpeNTIU.1","action":"SyncServerConnectionManagerRequest", "result":"SYNC_SERVER_OK", "context":{"environment":"Prod_WestEurope_x00e", "migrationStage":"NotStarted", "server":"GENERAL0100001Z"}}
{"logTime": "0511/131045", "correlationVector":"FViGbasGK4p3XxNCpeNTIU.2","action":"GetUpdates Response", "result":"SERVER_MORE_TO_DOWNLOAD", "context":Received 250 update(s).  Some updates remain.}
{"logTime": "0511/131045", "correlationVector":"wqMOkNDLC3OCDP4Gk6e4k0","action":"Initial GetUpdates", "result":"", "context":Reason: NEWLY_SUPPORTED_DATATYPE. cV=wqMOkNDLC3OCDP4Gk6e4k0}
{"logTime": "0511/131045", "correlationVector":"wqMOkNDLC3OCDP4Gk6e4k0.1","action":"SyncServerConnectionManagerRequest", "result":"SYNC_SERVER_OK", "context":{"environment":"Prod_NorthEurope_x00f", "migrationStage":"NotStarted", "server":"GENERAL01000026"}}
{"logTime": "0511/131045", "correlationVector":"wqMOkNDLC3OCDP4Gk6e4k0.2","action":"GetUpdates Response", "result":"SYNCER_OK", "context":Received 7 update(s). cV=wqMOkNDLC3OCDP4Gk6e4k0.0;server=GENERAL01000026;cloudType=Consumer;environment=Prod_NorthEurope_x00f;migrationStage=NotStarted}
{"logTime": "0511/131045", "correlationVector":"KKcvWKzGroDTXyHICzayhX","action":"Normal GetUpdate request", "result":"", "context":cV=KKcvWKzGroDTXyHICzayhX
Nudged types: Device Info, User Consents
Refresh requested types: Bookmarks, Preferences, Passwords, Autofill Profiles, Autofill, Autofill Custom Data, Extensions, Extension settings, Device Info, User Consents, Send Tab To Self, Web Apps, Collection, Edge E Drop, Encryption Keys}
{"logTime": "0511/131050", "correlationVector":"KKcvWKzGroDTXyHICzayhX.1","action":"SyncServerConnectionManagerRequest", "result":"SYNC_SERVER_OK", "context":{"environment":"Prod_NorthEurope_x00f", "migrationStage":"NotStarted", "server":"GENERAL0100000O"}}
{"logTime": "0511/131050", "correlationVector":"KKcvWKzGroDTXyHICzayhX.2","action":"GetUpdates Response", "result":"SYNCER_OK", "context":Received 0 update(s). cV=KKcvWKzGroDTXyHICzayhX.0;server=GENERAL0100000O;cloudType=Consumer;environment=Prod_NorthEurope_x00f;migrationStage=NotStarted}
{"logTime": "0511/131050", "correlationVector":"E19jewqlaGkdwFMWm0pX6L","action":"Commit Request", "result":"", "context":Item count: 1
Contributing types: Device Info}
{"logTime": "0511/131053", "correlationVector":"E19jewqlaGkdwFMWm0pX6L.1","action":"SyncServerConnectionManagerRequest", "result":"SYNC_SERVER_OK", "context":{"environment":"Prod_NorthEurope_000h", "migrationStage":"NotStarted", "server":"general01000007"}}
{"logTime": "0511/131053", "correlationVector":"E19jewqlaGkdwFMWm0pX6L.2","action":"Commit Response", "result":"SYNCER_OK", "context":Result: SYNCER_OK. cV=E19jewqlaGkdwFMWm0pX6L.0;server=general01000007;cloudType=Consumer;environment=Prod_NorthEurope_000h;migrationStage=NotStarted}
{"logTime": "0511/131053", "correlationVector":"jnSk/QaaZUXi/R8TC3nPVb","action":"Commit Request", "result":"", "context":Item count: 2
Contributing types: User Consents}
{"logTime": "0511/131056", "correlationVector":"jnSk/QaaZUXi/R8TC3nPVb.1","action":"SyncServerConnectionManagerRequest", "result":"SYNC_SERVER_OK", "context":{"environment":"Prod_NorthEurope_x00f", "migrationStage":"NotStarted", "server":"GENERAL0100000S"}}
{"logTime": "0511/131056", "correlationVector":"jnSk/QaaZUXi/R8TC3nPVb.2","action":"Commit Response", "result":"SYNCER_OK", "context":Result: SYNCER_OK. cV=jnSk/QaaZUXi/R8TC3nPVb.0;server=GENERAL0100000S;cloudType=Consumer;environment=Prod_NorthEurope_x00f;migrationStage=NotStarted}
{"logTime": "0511/131534", "correlationVector":"AaDSHqZx2xNNjUzrY0CzAa","action":"Commit Request", "result":"", "context":Item count: 20
Contributing types: Passwords}
{"logTime": "0511/131536", "correlationVector":"AaDSHqZx2xNNjUzrY0CzAa.1","action":"SyncServerConnectionManagerRequest", "result":"SYNC_SERVER_OK", "context":{"environment":"Prod_NorthEurope_x00f", "migrationStage":"NotStarted", "server":"GENERAL0100000B"}}
{"logTime": "0511/131536", "correlationVector":"AaDSHqZx2xNNjUzrY0CzAa.2","action":"Commit Response", "result":"SYNCER_OK", "context":Result: SYNCER_OK. cV=AaDSHqZx2xNNjUzrY0CzAa.0;server=GENERAL0100000B;cloudType=Consumer;environment=Prod_NorthEurope_x00f;migrationStage=NotStarted}
{"logTime": "0511/131537", "correlationVector":"65+0AVSzC6k1MS0buGudIm","action":"Commit Request", "result":"", "context":Item count: 3
Contributing types: Passwords}
{"logTime": "0511/131537", "correlationVector":"65+0AVSzC6k1MS0buGudIm.1","action":"SyncServerConnectionManagerRequest", "result":"SYNC_SERVER_OK", "context":{"environment":"Prod_NorthEurope_000h", "migrationStage":"NotStarted", "server":"GENERAL0100000C"}}
{"logTime": "0511/131537", "correlationVector":"65+0AVSzC6k1MS0buGudIm.2","action":"Commit Response", "result":"SYNCER_OK", "context":Result: SYNCER_OK. cV=65+0AVSzC6k1MS0buGudIm.0;server=GENERAL0100000C;cloudType=Consumer;environment=Prod_NorthEurope_000h;migrationStage=NotStarted}
